[Mon  8 Jun 12:18:26 CST 2026] S193 polling script started
[Mon  8 Jun 12:18:26 CST 2026] Check 1/12
[Mon  8 Jun 12:18:26 CST 2026] S193 decision: pending_approval
[Mon  8 Jun 12:18:26 CST 2026] No decision yet, waiting 5 minutes...
[Mon  8 Jun 12:23:26 CST 2026] Check 2/12
[Mon  8 Jun 12:23:26 CST 2026] S193 decision: pending_approval
[Mon  8 Jun 12:23:26 CST 2026] No decision yet, waiting 5 minutes...
[Mon  8 Jun 12:28:26 CST 2026] Check 3/12
[Mon  8 Jun 12:28:26 CST 2026] S193 decision: pending_approval
[Mon  8 Jun 12:28:26 CST 2026] No decision yet, waiting 5 minutes...
[Mon  8 Jun 12:33:26 CST 2026] Check 4/12
[Mon  8 Jun 12:33:26 CST 2026] S193 decision: pending_approval
[Mon  8 Jun 12:33:26 CST 2026] No decision yet, waiting 5 minutes...
[Mon  8 Jun 12:38:26 CST 2026] Check 5/12
[Mon  8 Jun 12:38:26 CST 2026] S193 decision: pending_approval
[Mon  8 Jun 12:38:26 CST 2026] No decision yet, waiting 5 minutes...
[Mon  8 Jun 12:43:26 CST 2026] Check 6/12
[Mon  8 Jun 12:43:26 CST 2026] S193 decision: pending_approval
[Mon  8 Jun 12:43:26 CST 2026] No decision yet, waiting 5 minutes...
[Mon  8 Jun 12:48:26 CST 2026] Check 7/12
[Mon  8 Jun 12:48:26 CST 2026] S193 decision: pending_approval
[Mon  8 Jun 12:48:26 CST 2026] No decision yet, waiting 5 minutes...
[Mon  8 Jun 12:53:26 CST 2026] Check 8/12
[Mon  8 Jun 12:53:26 CST 2026] S193 decision: pending_approval
[Mon  8 Jun 12:53:26 CST 2026] No decision yet, waiting 5 minutes...
[Mon  8 Jun 12:58:26 CST 2026] Check 9/12
[Mon  8 Jun 12:58:26 CST 2026] S193 decision: pending_approval
[Mon  8 Jun 12:58:26 CST 2026] No decision yet, waiting 5 minutes...
[Mon  8 Jun 13:03:26 CST 2026] Check 10/12
[Mon  8 Jun 13:03:26 CST 2026] S193 decision: pending_approval
[Mon  8 Jun 13:03:26 CST 2026] No decision yet, waiting 5 minutes...
[Mon  8 Jun 13:08:26 CST 2026] Check 11/12
[Mon  8 Jun 13:08:26 CST 2026] S193 decision: pending_approval
[Mon  8 Jun 13:08:26 CST 2026] No decision yet, waiting 5 minutes...
[Mon  8 Jun 13:13:26 CST 2026] Check 12/12
[Mon  8 Jun 13:13:26 CST 2026] S193 decision: pending_approval
[Mon  8 Jun 13:13:26 CST 2026] No decision yet, waiting 5 minutes...
[Mon  8 Jun 13:18:26 CST 2026] Max polling attempts reached (12), exiting
[Mon  8 Jun 13:18:26 CST 2026] S193 still pending, will be picked up by next run
